e:\projekte\circuit_sim\circuit_sim_core\prototype_5\debug\vc141.pdb
e:\projekte\circuit_sim\circuit_sim_core\prototype_5\debug\vc141.idb
e:\projekte\circuit_sim\circuit_sim_core\prototype_5\debug\program.obj
e:\projekte\circuit_sim\circuit_sim_core\prototype_5\debug\cli_controller_base.obj
e:\projekte\circuit_sim\circuit_sim_core\prototype_5\debug\cli_view.obj
e:\projekte\circuit_sim\circuit_sim_core\prototype_5\debug\serialization.obj
e:\projekte\circuit_sim\circuit_sim_core\debug\prototype_5.ilk
e:\projekte\circuit_sim\circuit_sim_core\debug\prototype_5.exe
e:\projekte\circuit_sim\circuit_sim_core\debug\prototype_5.pdb
e:\synchro\github\circuit_sim\circuit_sim_core\prototype_5\debug\cli_controller_base.obj
e:\synchro\github\circuit_sim\circuit_sim_core\prototype_5\debug\cli_view.obj
e:\synchro\github\circuit_sim\circuit_sim_core\prototype_5\debug\program.obj
e:\synchro\github\circuit_sim\circuit_sim_core\prototype_5\debug\serialization.obj
e:\synchro\github\circuit_sim\circuit_sim_core\prototype_5\debug\vc141.idb
e:\synchro\github\circuit_sim\circuit_sim_core\prototype_5\debug\vc141.pdb
e:\synchro\github\circuit_sim\circuit_sim_core\debug\prototype_5.pdb
e:\synchro\github\circuit_sim\circuit_sim_core\debug\prototype_5.exe
e:\synchro\github\circuit_sim\circuit_sim_core\debug\prototype_5.ilk
e:\synchro\github\circuit_sim\circuit_sim_core\prototype_5\debug\prototype_5.tlog\cl.command.1.tlog
e:\synchro\github\circuit_sim\circuit_sim_core\prototype_5\debug\prototype_5.tlog\cl.read.1.tlog
e:\synchro\github\circuit_sim\circuit_sim_core\prototype_5\debug\prototype_5.tlog\cl.write.1.tlog
e:\synchro\github\circuit_sim\circuit_sim_core\prototype_5\debug\prototype_5.tlog\link.command.1.tlog
e:\synchro\github\circuit_sim\circuit_sim_core\prototype_5\debug\prototype_5.tlog\link.read.1.tlog
e:\synchro\github\circuit_sim\circuit_sim_core\prototype_5\debug\prototype_5.tlog\link.write.1.tlog
